45 error Error: Command failed with exit code 1: git commit -F /private/var/folders/3d/t45z5w7j3yvc5dcj94m33_tm0000gn/T/dd9b7538-c11e-49e6-a011-f0c3926fae05/lerna-commit.txt
45 error [STARTED] Preparing lint-staged...
45 error [SUCCESS] Preparing lint-staged...
45 error [STARTED] Running tasks for staged files...
45 error [STARTED] package.json — 2 files
45 error [STARTED] *.{md,json} — 2 files
45 error [STARTED] *.{css,less} — 0 files
45 error [STARTED] *.{js,jsx} — 0 files
45 error [STARTED] *.{ts,tsx} — 0 files
45 error [SKIPPED] *.{css,less} — no files
45 error [SKIPPED] *.{js,jsx} — no files
45 error [SKIPPED] *.{ts,tsx} — no files
45 error [STARTED] prettier --write --no-error-on-unmatched-pattern
45 error [SUCCESS] prettier --write --no-error-on-unmatched-pattern
45 error [SUCCESS] *.{md,json} — 2 files
45 error [SUCCESS] package.json — 2 files
45 error [SUCCESS] Running tasks for staged files...
45 error [STARTED] Applying modifications from tasks...
45 error [SUCCESS] Applying modifications from tasks...
45 error [STARTED] Cleaning up temporary files...
45 error [SUCCESS] Cleaning up temporary files...
45 error ⧗   input: Publish
45 error
45 error  - iconfont-extract-icon@0.0.2
45 error  - iconfont-extract@0.0.3
45 error ✖   subject may not be empty [subject-empty]
45 error ✖   type may not be empty [type-empty]
45 error
45 error ✖   found 2 problems, 0 warnings
45 error ⓘ   Get help: https://github.com/conventional-changelog/commitlint/#what-is-commitlint
45 error
45 error husky - commit-msg hook exited with code 1 (error)
45 error     at makeError (/Users/tzx/.nvm/versions/node/v14.17.4/lib/node_modules/lerna/node_modules/execa/lib/error.js:60:11)
45 error     at handlePromise (/Users/tzx/.nvm/versions/node/v14.17.4/lib/node_modules/lerna/node_modules/execa/index.js:118:26)
45 error     at processTicksAndRejections (internal/process/task_queues.js:95:5)
45 error     at async Promise.all (index 0)
